<?xml version="1.0" encoding="UTF-8"?>
<!-- Generated by org.testng.reporters.JUnitReportReporter -->
<testsuite hostname="Ajinkya" failures="0" tests="1" name="com.ec.testcases.IndexTest" time="7.251" errors="0" timestamp="2025-03-07T22:05:07 IST" skipped="0">
  <testcase classname="com.ec.testcases.IndexTest" name="validSignup" time="7.251"/>
  <system-out/>
</testsuite> <!-- com.ec.testcases.IndexTest -->
