<?xml version="1.0" encoding="UTF-8"?>
<!-- Generated by org.testng.reporters.JUnitReportReporter -->
<testsuite hostname="Ajinkya" failures="0" tests="3" name="com.ec.testcases.HomeTest" time="0.830" errors="0" timestamp="2025-03-08T01:40:49 IST" skipped="0">
  <testcase classname="com.ec.testcases.HomeTest" name="validateLogo" time="0.050"/>
  <system-out/>
  <testcase classname="com.ec.testcases.HomeTest" name="validateWlcmText" time="0.049"/>
  <system-out/>
  <testcase classname="com.ec.testcases.HomeTest" name="validateHover" time="0.731"/>
  <system-out/>
</testsuite> <!-- com.ec.testcases.HomeTest -->
